Arguments: 
  /opt/homebrew/Cellar/node/18.9.1/bin/node /opt/homebrew/bin/yarn add dijksrajs

PATH: 
  /opt/homebrew/bin:/opt/homebrew/sbin:/usr/local/bin:/System/Cryptexes/App/usr/bin:/usr/bin:/bin:/usr/sbin:/sbin:/usr/local/share/dotnet:~/.dotnet/tools:/Library/Apple/usr/bin:/opt/homebrew/bin:/opt/homebrew/sbin

Yarn version: 
  1.22.19

Node version: 
  18.9.1

Platform: 
  darwin arm64

Trace: 
  Error: https://pkgs.dev.azure.com/Sbanken/_packaging/Npm.External/npm/registry/dijksrajs: The package 'dijksrajs' was not found in feed 'Npm.External'
      at params.callback [as _callback] (/opt/homebrew/lib/node_modules/yarn/lib/cli.js:66145:18)
      at self.callback (/opt/homebrew/lib/node_modules/yarn/lib/cli.js:140890:22)
      at Request.emit (node:events:513:28)
      at Request.<anonymous> (/opt/homebrew/lib/node_modules/yarn/lib/cli.js:141862:10)
      at Request.emit (node:events:513:28)
      at IncomingMessage.<anonymous> (/opt/homebrew/lib/node_modules/yarn/lib/cli.js:141784:12)
      at Object.onceWrapper (node:events:627:28)
      at IncomingMessage.emit (node:events:525:35)
      at endReadableNT (node:internal/streams/readable:1359:12)
      at process.processTicksAndRejections (node:internal/process/task_queues:82:21)

npm manifest: 
  {
    "name": "adventofcode",
    "version": "1.0.0",
    "description": "",
    "main": "index.js",
    "scripts": {
      "test": "echo \"Error: no test specified\" && exit 1",
      "day1": "node Day1/solution",
      "day2": "node Day2/solution",
      "day3": "node Day3/solution",
      "day4": "node Day4/solution",
      "day5": "node Day5/solution",
      "day6": "node Day6/solution",
      "day7": "node Day7/solution",
      "day8": "node Day8/solution",
      "day9": "node Day9/solution",
      "day10": "node Day10/solution",
      "day11": "node Day11/solution",
      "day12": "node Day12/solution",
      "day13": "node Day13/solution",
      "day14": "node Day14/solution",
      "day15": "node Day15/solution",
      "day16": "node Day16/solution",
      "day17": "node Day17/solution",
      "day18": "node Day18/solution",
      "day19": "node Day19/solution",
      "day20": "python3 Day20/solution.py",
      "day21": "node Day21/solution",
      "day22": "node Day22/solution",
      "day23": "node Day23/solution",
      "day24": "node Day24/solution",
      "day25": "node Day25/solution",
      "all": "node Day1/solution && node Day2/solution && node Day3/solution && node Day4/solution && node Day5/solution && node Day6/solution && node Day7/solution && node Day8/solution && node Day9/solution && node Day10/solution && node Day11/solution && node Day12/solution && node Day13/solution && node Day14/solution && node Day15/solution && node Day16/solution && node Day17/solution && node Day18/solution && node Day19/solution && python3 Day20/solution.py && node Day21/solution && node Day22/solution && node Day23/solution && node Day24/solution && node Day25/solution"
    },
    "author": "",
    "license": "ISC",
    "dependencies": {
      "heap": "^0.2.7",
      "lodash": "^4.17.21"
    }
  }

yarn manifest: 
  No manifest

Lockfile: 
  # THIS IS AN AUTOGENERATED FILE. DO NOT EDIT THIS FILE DIRECTLY.
  # yarn lockfile v1
  
  
  heap@^0.2.7:
    version "0.2.7"
    resolved "https://pkgs.dev.azure.com/Sbanken/_packaging/Npm.External/npm/registry/heap/-/heap-0.2.7.tgz#1e6adf711d3f27ce35a81fe3b7bd576c2260a8fc"
    integrity sha1-HmrfcR0/J841qB/jt71XbCJgqPw=
  
  lodash@^4.17.21:
    version "4.17.21"
    resolved "https://pkgs.dev.azure.com/Sbanken/_packaging/Npm.External/npm/registry/lodash/-/lodash-4.17.21.tgz#679591c564c3bffaae8454cf0b3df370c3d6911c"
    integrity sha1-Z5WRxWTDv/quhFTPCz3zcMPWkRw=
